<?xml version="1.0" encoding="UTF-8"?>
<!-- Generated by org.testng.reporters.JUnitReportReporter -->
<testsuite hostname="WKWZTX6qjatfYbF" failures="0" tests="1" name="SumValidation" time="1.469" errors="0" timestamp="2024-08-07T17:28:11 IST" skipped="0">
  <testcase classname="SumValidation" name="sumOfCourses" time="1.469"/>
</testsuite> <!-- SumValidation -->
