<?xml version="1.0" encoding="UTF-8"?>
<!-- Generated by org.testng.reporters.JUnitReportReporter -->
<testsuite hostname="WKWZTX6qjatfYbF" failures="0" tests="3" name="File.DynamicJson" time="2.611" errors="0" timestamp="2024-08-08T17:38:18 IST" skipped="0">
  <testcase classname="File.DynamicJson" name="addbook" time="0.189"/>
  <testcase classname="File.DynamicJson" name="addbook" time="0.165"/>
  <testcase classname="File.DynamicJson" name="addbook" time="2.257"/>
</testsuite> <!-- File.DynamicJson -->
